2024-06-07T01:21:58.474108Z  INFO burn_fusion::stream::store::base: New execution plan 0 - Operations: 1 - Triggers 1    
2024-06-07T01:21:58.481906Z  INFO burn_wgpu::runtime: Using adapter AdapterInfo { name: "Apple M3 Max", vendor: 0, device: 0, device_type: IntegratedGpu, driver: "", driver_info: "", backend: Metal }    
2024-06-07T01:21:58.484879Z  INFO burn_wgpu::runtime: Created wgpu compute server on device BestAvailable => AdapterInfo { name: "Apple M3 Max", vendor: 0, device: 0, device_type: IntegratedGpu, driver: "", driver_info: "", backend: Metal }    
2024-06-07T01:21:58.488257Z  INFO burn_fusion::stream::store::base: New execution plan 1 - Operations: 1 - Triggers 1    
2024-06-07T01:21:58.488316Z  INFO burn_train::learner::train_val: Fitting Model[num_params=2]    
2024-06-07T01:21:58.488341Z  INFO burn_train::learner::epoch: Executing training step for epoch 1    
2024-06-07T01:21:58.488440Z  INFO burn_fusion::stream::store::base: New execution plan 2 - Operations: 1 - Triggers 1    
2024-06-07T01:21:58.515288Z  INFO burn_fusion::stream::store::base: New execution plan 3 - Operations: 1 - Triggers 1    
2024-06-07T01:21:58.534403Z  INFO burn_train::learner::epoch: Iteration 1    
2024-06-07T01:21:58.534414Z  INFO burn_fusion::stream::store::base: New execution plan 4 - Operations: 1 - Triggers 1    
2024-06-07T01:21:58.581113Z  INFO burn_fusion::stream::store::base: New execution plan 5 - Operations: 1 - Triggers 1    
2024-06-07T01:21:58.582395Z  INFO burn_fusion::stream::store::base: New execution plan 6 - Operations: 1 - Triggers 1    
2024-06-07T01:21:58.582473Z  INFO burn_fusion::stream::store::base: New execution plan 7 - Operations: 1 - Triggers 1    
2024-06-07T01:21:58.582692Z  INFO burn_jit::fusion::kernel: Compiling ... "mri0pvnx32y32z32d712296a-9f41-4ee5-9d85-f655ee6167d5"    
2024-06-07T01:21:58.583949Z  INFO burn_fusion::stream::store::base: New execution plan 8 - Operations: 2 - Triggers 1    
2024-06-07T01:21:58.584126Z  INFO burn_jit::fusion::kernel: Compiling ... "mri0pi1pvnx32y32z32ac696315-8592-4365-8483-87833f9323b4"    
2024-06-07T01:21:58.584340Z  INFO burn_fusion::stream::store::base: New execution plan 9 - Operations: 1 - Triggers 1    
2024-06-07T01:21:58.585141Z  INFO burn_fusion::stream::store::base: New execution plan 10 - Operations: 1 - Triggers 1    
2024-06-07T01:21:58.585192Z  INFO burn_jit::fusion::kernel: Compiling ... "mrvnx32y32z32a885b9d4-b4c6-4c9a-a010-81d93ecacacd"    
2024-06-07T01:21:58.585291Z  INFO burn_fusion::stream::store::base: New execution plan 11 - Operations: 2 - Triggers 1    
2024-06-07T01:21:58.585316Z  INFO burn_jit::fusion::kernel: Compiling ... "mrvnx32y32z32c18a7438-5529-47b5-a65d-ef8458b1fac8"    
2024-06-07T01:21:58.585431Z  INFO burn_fusion::stream::store::base: New execution plan 12 - Operations: 4 - Triggers 1    
2024-06-07T01:21:58.585505Z  INFO burn_jit::fusion::kernel: Compiling ... "mri0pi2pvnx32y32z32fa4d15bb-28d3-400f-9775-93de8fc53481"    
2024-06-07T01:21:58.585758Z  INFO burn_fusion::stream::store::base: New execution plan 13 - Operations: 1 - Triggers 1    
2024-06-07T01:21:58.585779Z  INFO burn_fusion::stream::store::base: New execution plan 14 - Operations: 1 - Triggers 1    
2024-06-07T01:21:58.585787Z  INFO burn_fusion::stream::store::base: New execution plan 15 - Operations: 1 - Triggers 1    
2024-06-07T01:21:58.585877Z  INFO burn_fusion::stream::store::base: New execution plan 16 - Operations: 1 - Triggers 1    
2024-06-07T01:21:58.585900Z  INFO burn_fusion::stream::store::base: New execution plan 17 - Operations: 1 - Triggers 1    
2024-06-07T01:21:58.586212Z  INFO burn_fusion::stream::store::base: New execution plan 18 - Operations: 5 - Triggers 1    
2024-06-07T01:21:58.586586Z  INFO burn_jit::fusion::kernel: Compiling ... "mri0pvnx32y32z3286760406-1231-41fc-b0dc-9f469417ac93"    
2024-06-07T01:21:58.586783Z  INFO burn_fusion::stream::store::base: New execution plan 19 - Operations: 1 - Triggers 1    
2024-06-07T01:21:58.587352Z  INFO burn_fusion::stream::store::base: New execution plan 20 - Operations: 4 - Triggers 1    
2024-06-07T01:21:58.587614Z  INFO burn_jit::fusion::kernel: Compiling ... "mri0pi1pi2pvnx32y32z32a8b15f57-a3dd-49d5-a8a7-ad39b2a4b576"    
2024-06-07T01:21:58.587789Z  INFO burn_fusion::stream::store::base: New execution plan 21 - Operations: 5 - Triggers 1    
2024-06-07T01:21:58.587918Z  INFO burn_jit::fusion::kernel: Compiling ... "mri0pvnx32y32z320eb29743-528c-407c-a326-0e18379a80dd"    
2024-06-07T01:21:58.588080Z  INFO burn_fusion::stream::store::base: New execution plan 22 - Operations: 1 - Triggers 1    
2024-06-07T01:21:58.588164Z  INFO burn_fusion::stream::store::base: New execution plan 23 - Operations: 4 - Triggers 1    
2024-06-07T01:21:58.588503Z  INFO burn_jit::fusion::kernel: Compiling ... "mri0pi1pi2pvnx32y32z3260423981-2358-4929-8208-780e8b54d38b"    
2024-06-07T01:21:58.588607Z  INFO burn_fusion::stream::store::base: New execution plan 24 - Operations: 1 - Triggers 1    
2024-06-07T01:21:58.702062Z  INFO burn_train::learner::epoch: Iteration 2    
2024-06-07T01:21:58.702496Z  INFO burn_jit::fusion::kernel: Compiling ... "mi0o0ri0pvnx32y32z32d712296a-9f41-4ee5-9d85-f655ee6167d5"    
2024-06-07T01:21:58.703096Z  INFO burn_jit::fusion::kernel: Compiling ... "mrvnx32y32z320469d9a9-ae28-481c-88a4-001910ca561c"    
2024-06-07T01:21:58.703211Z  INFO burn_jit::fusion::kernel: Compiling ... "mi0o0ri0pi2pvnx32y32z32fa4d15bb-28d3-400f-9775-93de8fc53481"    
2024-06-07T01:21:58.703886Z  INFO burn_fusion::stream::store::base: New execution plan 25 - Operations: 9 - Triggers 1    
2024-06-07T01:21:58.704218Z  INFO burn_jit::fusion::kernel: Compiling ... "mri0pi1pi2pvnx32y32z32fe300243-845d-4a07-b02f-7771f151a6dd"    
2024-06-07T01:21:58.712728Z  INFO burn_jit::fusion::kernel: Compiling ... "mi0o0ri0pi1pi2pvnx32y32z32f4c157f8-b0d1-4055-b443-989134056574"    
2024-06-07T01:21:58.713737Z  INFO burn_fusion::stream::store::base: New execution plan 26 - Operations: 9 - Triggers 1    
2024-06-07T01:21:58.713884Z  INFO burn_jit::fusion::kernel: Compiling ... "mri0pi1pi2pvnx32y32z32649ba6f6-00ac-47e5-aa5d-9ea96dbaa255"    
2024-06-07T01:21:58.714309Z  INFO burn_jit::fusion::kernel: Compiling ... "mi0o0ri0pi1pi2pvnx32y32z32b69e26e0-d418-4862-b403-f41d8f143838"    
2024-06-07T01:21:58.716578Z  INFO burn_train::learner::epoch: Iteration 3    
2024-06-07T01:21:58.717700Z  INFO burn_jit::fusion::kernel: Compiling ... "mi0o0i1o1i2o2ri0pi1pi2pvnx32y32z32fe300243-845d-4a07-b02f-7771f151a6dd"    
2024-06-07T01:21:58.718550Z  INFO burn_jit::fusion::kernel: Compiling ... "mi0o0i1o1i2o2ri0pi1pi2pvnx32y32z32649ba6f6-00ac-47e5-aa5d-9ea96dbaa255"    
2024-06-07T01:21:58.767319Z  INFO burn_train::learner::epoch: Iteration 4    
2024-06-07T01:21:58.830450Z  INFO burn_train::learner::epoch: Iteration 5    
2024-06-07T01:21:58.951009Z  INFO burn_train::learner::epoch: Iteration 6    
2024-06-07T01:21:58.963307Z  INFO burn_train::learner::epoch: Iteration 7    
2024-06-07T01:21:58.979829Z  INFO burn_train::learner::epoch: Iteration 8    
2024-06-07T01:21:59.035303Z  INFO burn_fusion::stream::store::base: New execution plan 27 - Operations: 1 - Triggers 1    
2024-06-07T01:21:59.068012Z  INFO burn_train::learner::epoch: Iteration 9    
2024-06-07T01:21:59.082194Z  INFO burn_train::learner::epoch: Iteration 10    
2024-06-07T01:21:59.091402Z  INFO burn_train::learner::epoch: Iteration 11    
2024-06-07T01:21:59.099291Z  INFO burn_train::learner::epoch: Iteration 12    
2024-06-07T01:21:59.132597Z  INFO burn_train::learner::epoch: Iteration 13    
2024-06-07T01:21:59.159412Z  INFO burn_train::learner::epoch: Iteration 14    
2024-06-07T01:21:59.251249Z  INFO burn_train::learner::epoch: Iteration 15    
2024-06-07T01:21:59.455096Z  INFO burn_train::learner::epoch: Iteration 16    
2024-06-07T01:21:59.517987Z  INFO burn_train::learner::epoch: Iteration 17    
2024-06-07T01:21:59.744218Z  INFO burn_train::learner::epoch: Iteration 18    
2024-06-07T01:21:59.815163Z  INFO burn_train::learner::epoch: Iteration 19    
2024-06-07T01:21:59.833217Z  INFO burn_train::learner::epoch: Iteration 20    
2024-06-07T01:21:59.839261Z  INFO burn_train::learner::epoch: Iteration 21    
2024-06-07T01:21:59.945874Z  INFO burn_train::learner::epoch: Iteration 22    
2024-06-07T01:21:59.982919Z  INFO burn_train::learner::epoch: Iteration 23    
2024-06-07T01:22:00.012582Z  INFO burn_train::learner::epoch: Iteration 24    
2024-06-07T01:22:00.164163Z  INFO burn_train::learner::epoch: Iteration 25    
2024-06-07T01:22:00.187851Z  INFO burn_train::learner::epoch: Iteration 26    
2024-06-07T01:22:00.205159Z  INFO burn_train::learner::epoch: Iteration 27    
2024-06-07T01:22:00.218292Z  INFO burn_train::learner::epoch: Iteration 28    
2024-06-07T01:22:00.249982Z  INFO burn_train::learner::epoch: Iteration 29    
2024-06-07T01:22:00.267334Z  INFO burn_train::learner::epoch: Iteration 30    
2024-06-07T01:22:00.270523Z  INFO burn_train::learner::epoch: Iteration 31    
2024-06-07T01:22:00.276521Z  INFO burn_train::learner::epoch: Iteration 32    
2024-06-07T01:22:00.282260Z  INFO burn_train::learner::epoch: Iteration 33    
2024-06-07T01:22:00.287910Z  INFO burn_train::learner::epoch: Iteration 34    
2024-06-07T01:22:00.300145Z  INFO burn_train::learner::epoch: Iteration 35    
2024-06-07T01:22:00.302306Z  INFO burn_train::learner::epoch: Iteration 36    
2024-06-07T01:22:00.304269Z  INFO burn_train::learner::epoch: Iteration 37    
2024-06-07T01:22:00.306236Z  INFO burn_train::learner::epoch: Iteration 38    
2024-06-07T01:22:00.309591Z  INFO burn_train::learner::epoch: Iteration 39    
2024-06-07T01:22:00.312773Z  INFO burn_train::learner::epoch: Iteration 40    
2024-06-07T01:22:00.314667Z  INFO burn_train::learner::epoch: Iteration 41    
2024-06-07T01:22:00.316637Z  INFO burn_train::learner::epoch: Iteration 42    
2024-06-07T01:22:00.318465Z  INFO burn_train::learner::epoch: Iteration 43    
2024-06-07T01:22:00.320380Z  INFO burn_train::learner::epoch: Iteration 44    
2024-06-07T01:22:00.322271Z  INFO burn_train::learner::epoch: Iteration 45    
2024-06-07T01:22:00.324178Z  INFO burn_train::learner::epoch: Iteration 46    
2024-06-07T01:22:00.326037Z  INFO burn_train::learner::epoch: Iteration 47    
2024-06-07T01:22:00.327926Z  INFO burn_train::learner::epoch: Iteration 48    
2024-06-07T01:22:00.329770Z  INFO burn_train::learner::epoch: Iteration 49    
2024-06-07T01:22:00.331673Z  INFO burn_train::learner::epoch: Iteration 50    
2024-06-07T01:22:00.333616Z  INFO burn_train::learner::epoch: Iteration 51    
2024-06-07T01:22:00.335530Z  INFO burn_train::learner::epoch: Iteration 52    
2024-06-07T01:22:00.337457Z  INFO burn_train::learner::epoch: Iteration 53    
2024-06-07T01:22:00.339328Z  INFO burn_train::learner::epoch: Iteration 54    
2024-06-07T01:22:00.341254Z  INFO burn_train::learner::epoch: Iteration 55    
2024-06-07T01:22:00.343164Z  INFO burn_train::learner::epoch: Iteration 56    
2024-06-07T01:22:00.345065Z  INFO burn_train::learner::epoch: Iteration 57    
2024-06-07T01:22:00.346987Z  INFO burn_train::learner::epoch: Iteration 58    
2024-06-07T01:22:00.348880Z  INFO burn_train::learner::epoch: Iteration 59    
2024-06-07T01:22:00.350784Z  INFO burn_train::learner::epoch: Iteration 60    
2024-06-07T01:22:00.352654Z  INFO burn_train::learner::epoch: Iteration 61    
2024-06-07T01:22:00.354552Z  INFO burn_train::learner::epoch: Iteration 62    
2024-06-07T01:22:00.356453Z  INFO burn_train::learner::epoch: Iteration 63    
2024-06-07T01:22:00.358294Z  INFO burn_train::learner::epoch: Iteration 64    
2024-06-07T01:22:00.360372Z  INFO burn_train::learner::epoch: Executing validation step for epoch 1    
2024-06-07T01:22:00.368580Z  INFO burn_fusion::stream::store::base: New execution plan 28 - Operations: 1 - Triggers 1    
2024-06-07T01:22:00.525002Z  INFO burn_fusion::stream::store::base: New execution plan 29 - Operations: 2 - Triggers 1    
2024-06-07T01:22:00.525197Z  INFO burn_jit::fusion::kernel: Compiling ... "mri0pi1pvnx32y32z32fd4c2b84-bb4f-4d10-af9a-5ccb4bf2fc1c"    
2024-06-07T01:22:01.943469Z  INFO burn_train::learner::epoch: Executing training step for epoch 2    
2024-06-07T01:22:01.943470Z  INFO burn_train::checkpoint::file: Saving checkpoint 1 to data/toy_artifacts/checkpoint/model-1    
2024-06-07T01:22:01.943476Z  INFO burn_train::checkpoint::file: Saving checkpoint 1 to data/toy_artifacts/checkpoint/scheduler-1    
2024-06-07T01:22:01.943477Z  INFO burn_train::checkpoint::file: Saving checkpoint 1 to data/toy_artifacts/checkpoint/optim-1    
2024-06-07T01:22:02.069047Z  INFO burn_train::learner::epoch: Iteration 1    
2024-06-07T01:22:02.257544Z  INFO burn_train::learner::epoch: Iteration 2    
2024-06-07T01:22:02.347233Z  INFO burn_train::learner::epoch: Iteration 3    
2024-06-07T01:22:02.377360Z  INFO burn_train::learner::epoch: Iteration 4    
2024-06-07T01:22:02.403135Z  INFO burn_train::learner::epoch: Iteration 5    
2024-06-07T01:22:02.428920Z  INFO burn_train::learner::epoch: Iteration 6    
2024-06-07T01:22:02.457441Z  INFO burn_train::learner::epoch: Iteration 7    
2024-06-07T01:22:02.473104Z  INFO burn_train::learner::epoch: Iteration 8    
2024-06-07T01:22:02.629593Z  INFO burn_train::learner::epoch: Iteration 9    
2024-06-07T01:22:02.638243Z  INFO burn_train::learner::epoch: Iteration 10    
2024-06-07T01:22:02.802471Z  INFO burn_train::learner::epoch: Iteration 11    
2024-06-07T01:22:02.809771Z  INFO burn_train::learner::epoch: Iteration 12    
2024-06-07T01:22:03.040909Z  INFO burn_train::learner::epoch: Iteration 13    
2024-06-07T01:22:03.089818Z  INFO burn_train::learner::epoch: Iteration 14    
2024-06-07T01:22:03.329240Z  INFO burn_train::learner::epoch: Iteration 15    
2024-06-07T01:22:03.375743Z  INFO burn_train::learner::epoch: Iteration 16    
2024-06-07T01:22:03.481389Z  INFO burn_train::learner::epoch: Iteration 17    
2024-06-07T01:22:03.609238Z  INFO burn_train::learner::epoch: Iteration 18    
2024-06-07T01:22:03.618273Z  INFO burn_train::learner::epoch: Iteration 19    
2024-06-07T01:22:03.623074Z  INFO burn_train::learner::epoch: Iteration 20    
2024-06-07T01:22:03.650258Z  INFO burn_train::learner::epoch: Iteration 21    
2024-06-07T01:22:03.681088Z  INFO burn_train::learner::epoch: Iteration 22    
2024-06-07T01:22:03.701451Z  INFO burn_train::learner::epoch: Iteration 23    
2024-06-07T01:22:03.711294Z  INFO burn_train::learner::epoch: Iteration 24    
2024-06-07T01:22:03.742741Z  INFO burn_train::learner::epoch: Iteration 25    
2024-06-07T01:22:03.766028Z  INFO burn_train::learner::epoch: Iteration 26    
2024-06-07T01:22:03.793748Z  INFO burn_train::learner::epoch: Iteration 27    
2024-06-07T01:22:03.797586Z  INFO burn_train::learner::epoch: Iteration 28    
2024-06-07T01:22:03.800650Z  INFO burn_train::learner::epoch: Iteration 29    
2024-06-07T01:22:03.811105Z  INFO burn_train::learner::epoch: Iteration 30    
2024-06-07T01:22:03.817152Z  INFO burn_train::learner::epoch: Iteration 31    
2024-06-07T01:22:03.825879Z  INFO burn_train::learner::epoch: Iteration 32    
2024-06-07T01:22:03.828380Z  INFO burn_train::learner::epoch: Iteration 33    
2024-06-07T01:22:03.833424Z  INFO burn_train::learner::epoch: Iteration 34    
2024-06-07T01:22:03.836450Z  INFO burn_train::learner::epoch: Iteration 35    
2024-06-07T01:22:03.841320Z  INFO burn_train::learner::epoch: Iteration 36    
2024-06-07T01:22:03.846939Z  INFO burn_train::learner::epoch: Iteration 37    
2024-06-07T01:22:03.850576Z  INFO burn_train::learner::epoch: Iteration 38    
2024-06-07T01:22:03.854980Z  INFO burn_train::learner::epoch: Iteration 39    
2024-06-07T01:22:03.856896Z  INFO burn_train::learner::epoch: Iteration 40    
2024-06-07T01:22:03.858770Z  INFO burn_train::learner::epoch: Iteration 41    
2024-06-07T01:22:03.860705Z  INFO burn_train::learner::epoch: Iteration 42    
2024-06-07T01:22:03.862879Z  INFO burn_train::learner::epoch: Iteration 43    
2024-06-07T01:22:03.864827Z  INFO burn_train::learner::epoch: Iteration 44    
2024-06-07T01:22:03.866551Z  INFO burn_train::learner::epoch: Iteration 45    
2024-06-07T01:22:03.868545Z  INFO burn_train::learner::epoch: Iteration 46    
2024-06-07T01:22:03.870612Z  INFO burn_train::learner::epoch: Iteration 47    
2024-06-07T01:22:03.872618Z  INFO burn_train::learner::epoch: Iteration 48    
2024-06-07T01:22:03.874525Z  INFO burn_train::learner::epoch: Iteration 49    
2024-06-07T01:22:03.876440Z  INFO burn_train::learner::epoch: Iteration 50    
2024-06-07T01:22:03.878399Z  INFO burn_train::learner::epoch: Iteration 51    
2024-06-07T01:22:03.880465Z  INFO burn_train::learner::epoch: Iteration 52    
2024-06-07T01:22:03.882421Z  INFO burn_train::learner::epoch: Iteration 53    
2024-06-07T01:22:03.884237Z  INFO burn_train::learner::epoch: Iteration 54    
2024-06-07T01:22:03.886234Z  INFO burn_train::learner::epoch: Iteration 55    
2024-06-07T01:22:03.888194Z  INFO burn_train::learner::epoch: Iteration 56    
2024-06-07T01:22:03.890174Z  INFO burn_train::learner::epoch: Iteration 57    
2024-06-07T01:22:03.892047Z  INFO burn_train::learner::epoch: Iteration 58    
2024-06-07T01:22:03.893956Z  INFO burn_train::learner::epoch: Iteration 59    
2024-06-07T01:22:03.895845Z  INFO burn_train::learner::epoch: Iteration 60    
2024-06-07T01:22:03.897774Z  INFO burn_train::learner::epoch: Iteration 61    
2024-06-07T01:22:03.899672Z  INFO burn_train::learner::epoch: Iteration 62    
2024-06-07T01:22:03.901539Z  INFO burn_train::learner::epoch: Iteration 63    
2024-06-07T01:22:03.903477Z  INFO burn_train::learner::epoch: Iteration 64    
2024-06-07T01:22:03.905721Z  INFO burn_train::learner::epoch: Executing validation step for epoch 2    
2024-06-07T01:22:04.925961Z  INFO burn_train::learner::epoch: Training interrupted.    
2024-06-07T01:22:04.989042Z  INFO burn_train::learner::epoch: Executing training step for epoch 3    
2024-06-07T01:22:04.989044Z  INFO burn_train::checkpoint::file: Saving checkpoint 2 to data/toy_artifacts/checkpoint/scheduler-2    
2024-06-07T01:22:04.991895Z  INFO burn_train::checkpoint::file: Saving checkpoint 2 to data/toy_artifacts/checkpoint/model-2    
2024-06-07T01:22:04.991896Z  INFO burn_train::checkpoint::file: Saving checkpoint 2 to data/toy_artifacts/checkpoint/optim-2    
2024-06-07T01:22:05.240104Z  INFO burn_train::learner::epoch: Iteration 1    
2024-06-07T01:22:05.576687Z  INFO burn_train::learner::epoch: Training interrupted.    
2024-06-07T01:22:06.478852Z  INFO burn_fusion::stream::store::base: New execution plan 30 - Operations: 1 - Triggers 1    
2024-06-07T01:22:06.533464Z  INFO burn_fusion::stream::store::base: New execution plan 31 - Operations: 1 - Triggers 1    
2024-06-07T01:22:06.535434Z  INFO burn_fusion::stream::store::base: New execution plan 32 - Operations: 1 - Triggers 1    
